#
# There is insufficient memory for the Java Runtime Environment to continue.
# Native memory allocation (malloc) failed to allocate 576816 bytes for Chunk::new
# Possible reasons:
#   The system is out of physical RAM or swap space
#   In 32 bit mode, the process size limit was hit
# Possible solutions:
#   Reduce memory load on the system
#   Increase physical memory or swap space
#   Check if swap backing store is full
#   Use 64 bit Java on a 64 bit OS
#   Decrease Java heap size (-Xmx/-Xms)
#   Decrease number of Java threads
#   Decrease Java thread stack sizes (-Xss)
#   Set larger code cache with -XX:ReservedCodeCacheSize=
# This output file may be truncated or incomplete.
#
#  Out of Memory Error (allocation.cpp:390), pid=3128, tid=6052
#
# JRE version: Java(TM) SE Runtime Environment (8.0_45-b15) (build 1.8.0_45-b15)
# Java VM: Java HotSpot(TM) 64-Bit Server VM (25.45-b02 mixed mode windows-amd64 compressed oops)
# Failed to write core dump. Minidumps are not enabled by default on client versions of Windows
#

---------------  T H R E A D  ---------------

Current thread (0x0000000054e4b000):  JavaThread "C2 CompilerThread1" daemon [_thread_in_native, id=6052, stack(0x0000000056790000,0x0000000056890000)]

Stack: [0x0000000056790000,0x0000000056890000]
Native frames: (J=compiled Java code, j=interpreted, Vv=VM code, C=native code)
V  [jvm.dll+0x32b57a]


Current CompileTask:
C2:  90997 2971       4       com.android.dx.dex.code.DalvCode::getInsns (9 bytes)


---------------  P R O C E S S  ---------------

Java Threads: ( => current thread )
  0x00000000577de800 JavaThread "pool-1-thread-1" [_thread_in_Java, id=4548, stack(0x0000000056550000,0x0000000056650000)]
  0x00000000575f7000 JavaThread "Service Thread" daemon [_thread_blocked, id=7624, stack(0x0000000057290000,0x0000000057390000)]
  0x0000000054e4c000 JavaThread "C1 CompilerThread2" daemon [_thread_blocked, id=8256, stack(0x0000000056300000,0x0000000056400000)]
=>0x0000000054e4b000 JavaThread "C2 CompilerThread1" daemon [_thread_in_native, id=6052, stack(0x0000000056790000,0x0000000056890000)]
  0x0000000054e47000 JavaThread "C2 CompilerThread0" daemon [_thread_in_native, id=8616, stack(0x0000000056680000,0x0000000056780000)]
  0x0000000054e42800 JavaThread "Attach Listener" daemon [_thread_blocked, id=2516, stack(0x0000000056430000,0x0000000056530000)]
  0x0000000054e41000 JavaThread "Signal Dispatcher" daemon [_thread_blocked, id=8896, stack(0x00000000561a0000,0x00000000562a0000)]
  0x0000000054de1800 JavaThread "Finalizer" daemon [_thread_blocked, id=2536, stack(0x0000000055fd0000,0x00000000560d0000)]
  0x0000000054de0000 JavaThread "Reference Handler" daemon [_thread_blocked, id=6904, stack(0x0000000055d30000,0x0000000055e30000)]
  0x0000000001ede800 JavaThread "main" [_thread_blocked, id=9152, stack(0x0000000002140000,0x0000000002240000)]

Other Threads:
  0x0000000054dda800 VMThread [stack: 0x0000000055ed0000,0x0000000055fd0000] [id=8732]
  0x0000000057600800 WatcherThread [stack: 0x0000000057b80000,0x0000000057c80000] [id=6964]

VM state:not at safepoint (normal execution)

VM Mutex/Monitor currently owned by a thread: None

Heap:
 PSYoungGen      total 232960K, used 52769K [0x00000000eab00000, 0x0000000100000000, 0x0000000100000000)
  eden space 116736K, 45% used [0x00000000eab00000,0x00000000ede88548,0x00000000f1d00000)
  from space 116224K, 0% used [0x00000000f1d00000,0x00000000f1d00000,0x00000000f8e80000)
  to   space 116224K, 0% used [0x00000000f8e80000,0x00000000f8e80000,0x0000000100000000)
 ParOldGen       total 338432K, used 179280K [0x00000000c0000000, 0x00000000d4a80000, 0x00000000eab00000)
  object space 338432K, 52% used [0x00000000c0000000,0x00000000caf141b8,0x00000000d4a80000)
 Metaspace       used 6790K, capacity 7576K, committed 7936K, reserved 1056768K
  class space    used 625K, capacity 656K, committed 768K, reserved 1048576K

Card table byte_map: [0x00000000118d0000,0x0000000011ae0000] byte_map_base: 0x00000000112d0000

Marking Bits: (ParMarkBitMap*) 0x0000000057114040
 Begin Bits: [0x0000000012250000, 0x0000000013250000)
 End Bits:   [0x0000000013250000, 0x0000000014250000)

Polling page: 0x00000000000a0000

CodeCache: size=245760Kb used=11343Kb max_used=11355Kb free=234416Kb
 bounds [0x0000000002510000, 0x0000000003040000, 0x0000000011510000]
 total_blobs=2717 nmethods=2446 adapters=184
 compilation: enabled

Compilation events (10 events):
Event: 90.912 Thread 0x0000000054e4c000 2981       3       com.android.dx.dex.code.form.Form21s::writeTo (40 bytes)
Event: 90.913 Thread 0x0000000054e4c000 nmethod 2981 0x0000000003028150 code [0x0000000003028340, 0x0000000003028ce8]
Event: 90.929 Thread 0x0000000054e47000 nmethod 2928 0x000000000302d3d0 code [0x000000000302d620, 0x000000000302ec88]
Event: 90.929 Thread 0x0000000054e47000 2972 %     4       com.android.dx.dex.code.DalvInsnList::getOutsSize @ 9 (105 bytes)
Event: 90.932 Thread 0x0000000054e4c000 2984       3       com.android.dx.dex.code.form.Form12x::writeTo (45 bytes)
Event: 90.933 Thread 0x0000000054e4c000 nmethod 2984 0x000000000302c390 code [0x000000000302c580, 0x000000000302cfa8]
Event: 90.943 Thread 0x0000000054e47000 nmethod 2972% 0x0000000003031450 code [0x00000000030315e0, 0x0000000003031b68]
Event: 90.943 Thread 0x0000000054e47000 2983 % !   4       com.android.dx.dex.code.DalvInsnList::writeTo @ 132 (254 bytes)
Event: 90.951 Thread 0x0000000054e47000 nmethod 2983% 0x0000000003032150 code [0x00000000030322c0, 0x00000000030326d8]
Event: 90.951 Thread 0x0000000054e47000 2973       4       com.android.dx.rop.type.StdTypeList::getWordCount (33 bytes)

GC Heap History (10 events):
Event: 74.738 GC heap before
{Heap before GC invocations=15 (full 5):
 PSYoungGen      total 230400K, used 174080K [0x00000000eab00000, 0x0000000100000000, 0x0000000100000000)
  eden space 174080K, 100% used [0x00000000eab00000,0x00000000f5500000,0x00000000f5500000)
  from space 56320K, 0% used [0x00000000fc900000,0x00000000fc900000,0x0000000100000000)
  to   space 87552K, 0% used [0x00000000f5500000,0x00000000f5500000,0x00000000faa80000)
 ParOldGen       total 155648K, used 149827K [0x00000000c0000000, 0x00000000c9800000, 0x00000000eab00000)
  object space 155648K, 96% used [0x00000000c0000000,0x00000000c9250e48,0x00000000c9800000)
 Metaspace       used 6379K, capacity 7224K, committed 7296K, reserved 1056768K
  class space    used 608K, capacity 624K, committed 640K, reserved 1048576K
Event: 77.179 GC heap after
Heap after GC invocations=15 (full 5):
 PSYoungGen      total 230400K, used 23053K [0x00000000eab00000, 0x0000000100000000, 0x0000000100000000)
  eden space 174080K, 13% used [0x00000000eab00000,0x00000000ec1834e0,0x00000000f5500000)
  from space 56320K, 0% used [0x00000000fc900000,0x00000000fc900000,0x0000000100000000)
  to   space 87552K, 0% used [0x00000000f5500000,0x00000000f5500000,0x00000000faa80000)
 ParOldGen       total 274432K, used 155442K [0x00000000c0000000, 0x00000000d0c00000, 0x00000000eab00000)
  object space 274432K, 56% used [0x00000000c0000000,0x00000000c97ccb38,0x00000000d0c00000)
 Metaspace       used 6379K, capacity 7224K, committed 7296K, reserved 1056768K
  class space    used 608K, capacity 624K, committed 640K, reserved 1048576K
}
Event: 80.261 GC heap before
{Heap before GC invocations=16 (full 5):
 PSYoungGen      total 230400K, used 174080K [0x00000000eab00000, 0x0000000100000000, 0x0000000100000000)
  eden space 174080K, 100% used [0x00000000eab00000,0x00000000f5500000,0x00000000f5500000)
  from space 56320K, 0% used [0x00000000fc900000,0x00000000fc900000,0x0000000100000000)
  to   space 87552K, 0% used [0x00000000f5500000,0x00000000f5500000,0x00000000faa80000)
 ParOldGen       total 274432K, used 155442K [0x00000000c0000000, 0x00000000d0c00000, 0x00000000eab00000)
  object space 274432K, 56% used [0x00000000c0000000,0x00000000c97ccb38,0x00000000d0c00000)
 Metaspace       used 6379K, capacity 7224K, committed 7296K, reserved 1056768K
  class space    used 608K, capacity 624K, committed 640K, reserved 1048576K
Event: 81.234 GC heap after
Heap after GC invocations=16 (full 5):
 PSYoungGen      total 259072K, used 84623K [0x00000000eab00000, 0x0000000100000000, 0x0000000100000000)
  eden space 174080K, 0% used [0x00000000eab00000,0x00000000eab00000,0x00000000f5500000)
  from space 84992K, 99% used [0x00000000f5500000,0x00000000fa7a3c30,0x00000000fa800000)
  to   space 90112K, 0% used [0x00000000fa800000,0x00000000fa800000,0x0000000100000000)
 ParOldGen       total 274432K, used 155442K [0x00000000c0000000, 0x00000000d0c00000, 0x00000000eab00000)
  object space 274432K, 56% used [0x00000000c0000000,0x00000000c97ccb38,0x00000000d0c00000)
 Metaspace       used 6379K, capacity 7224K, committed 7296K, reserved 1056768K
  class space    used 608K, capacity 624K, committed 640K, reserved 1048576K
}
Event: 82.246 GC heap before
{Heap before GC invocations=17 (full 5):
 PSYoungGen      total 259072K, used 258703K [0x00000000eab00000, 0x0000000100000000, 0x0000000100000000)
  eden space 174080K, 100% used [0x00000000eab00000,0x00000000f5500000,0x00000000f5500000)
  from space 84992K, 99% used [0x00000000f5500000,0x00000000fa7a3c30,0x00000000fa800000)
  to   space 90112K, 0% used [0x00000000fa800000,0x00000000fa800000,0x0000000100000000)
 ParOldGen       total 274432K, used 155442K [0x00000000c0000000, 0x00000000d0c00000, 0x00000000eab00000)
  object space 274432K, 56% used [0x00000000c0000000,0x00000000c97ccb38,0x00000000d0c00000)
 Metaspace       used 6379K, capacity 7224K, committed 7296K, reserved 1056768K
  class space    used 608K, capacity 624K, committed 640K, reserved 1048576K
Event: 83.681 GC heap after
Heap after GC invocations=17 (full 5):
 PSYoungGen      total 206848K, used 90096K [0x00000000eab00000, 0x0000000100000000, 0x0000000100000000)
  eden space 116736K, 0% used [0x00000000eab00000,0x00000000eab00000,0x00000000f1d00000)
  from space 90112K, 99% used [0x00000000fa800000,0x00000000ffffc050,0x0000000100000000)
  to   space 116224K, 0% used [0x00000000f1d00000,0x00000000f1d00000,0x00000000f8e80000)
 ParOldGen       total 274432K, used 179400K [0x00000000c0000000, 0x00000000d0c00000, 0x00000000eab00000)
  object space 274432K, 65% used [0x00000000c0000000,0x00000000caf32398,0x00000000d0c00000)
 Metaspace       used 6379K, capacity 7224K, committed 7296K, reserved 1056768K
  class space    used 608K, capacity 624K, committed 640K, reserved 1048576K
}
Event: 84.192 GC heap before
{Heap before GC invocations=18 (full 5):
 PSYoungGen      total 206848K, used 206832K [0x00000000eab00000, 0x0000000100000000, 0x0000000100000000)
  eden space 116736K, 100% used [0x00000000eab00000,0x00000000f1d00000,0x00000000f1d00000)
  from space 90112K, 99% used [0x00000000fa800000,0x00000000ffffc050,0x0000000100000000)
  to   space 116224K, 0% used [0x00000000f1d00000,0x00000000f1d00000,0x00000000f8e80000)
 ParOldGen       total 274432K, used 179400K [0x00000000c0000000, 0x00000000d0c00000, 0x00000000eab00000)
  object space 274432K, 65% used [0x00000000c0000000,0x00000000caf32398,0x00000000d0c00000)
 Metaspace       used 6379K, capacity 7224K, committed 7296K, reserved 1056768K
  class space    used 608K, capacity 624K, committed 640K, reserved 1048576K
Event: 85.373 GC heap after
Heap after GC invocations=18 (full 5):
 PSYoungGen      total 232960K, used 44699K [0x00000000eab00000, 0x0000000100000000, 0x0000000100000000)
  eden space 116736K, 0% used [0x00000000eab00000,0x00000000eab00000,0x00000000f1d00000)
  from space 116224K, 38% used [0x00000000f1d00000,0x00000000f48a6d88,0x00000000f8e80000)
  to   space 116224K, 0% used [0x00000000f8e80000,0x00000000f8e80000,0x0000000100000000)
 ParOldGen       total 274432K, used 267644K [0x00000000c0000000, 0x00000000d0c00000, 0x00000000eab00000)
  object space 274432K, 97% used [0x00000000c0000000,0x00000000d055f070,0x00000000d0c00000)
 Metaspace       used 6379K, capacity 7224K, committed 7296K, reserved 1056768K
  class space    used 608K, capacity 624K, committed 640K, reserved 1048576K
}
Event: 85.373 GC heap before
{Heap before GC invocations=19 (full 6):
 PSYoungGen      total 232960K, used 44699K [0x00000000eab00000, 0x0000000100000000, 0x0000000100000000)
  eden space 116736K, 0% used [0x00000000eab00000,0x00000000eab00000,0x00000000f1d00000)
  from space 116224K, 38% used [0x00000000f1d00000,0x00000000f48a6d88,0x00000000f8e80000)
  to   space 116224K, 0% used [0x00000000f8e80000,0x00000000f8e80000,0x0000000100000000)
 ParOldGen       total 274432K, used 267644K [0x00000000c0000000, 0x00000000d0c00000, 0x00000000eab00000)
  object space 274432K, 97% used [0x00000000c0000000,0x00000000d055f070,0x00000000d0c00000)
 Metaspace       used 6379K, capacity 7224K, committed 7296K, reserved 1056768K
  class space    used 608K, capacity 624K, committed 640K, reserved 1048576K
Event: 88.953 GC heap after
Heap after GC invocations=19 (full 6):
 PSYoungGen      total 232960K, used 0K [0x00000000eab00000, 0x0000000100000000, 0x0000000100000000)
  eden space 116736K, 0% used [0x00000000eab00000,0x00000000eab00000,0x00000000f1d00000)
  from space 116224K, 0% used [0x00000000f1d00000,0x00000000f1d00000,0x00000000f8e80000)
  to   space 116224K, 0% used [0x00000000f8e80000,0x00000000f8e80000,0x0000000100000000)
 ParOldGen       total 338432K, used 179280K [0x00000000c0000000, 0x00000000d4a80000, 0x00000000eab00000)
  object space 338432K, 52% used [0x00000000c0000000,0x00000000caf141b8,0x00000000d4a80000)
 Metaspace       used 6379K, capacity 7224K, committed 7296K, reserved 1056768K
  class space    used 608K, capacity 624K, committed 640K, reserved 1048576K
}

Deoptimization events (10 events):
Event: 89.121 Thread 0x00000000577de800 Uncommon trap: reason=class_check action=maybe_recompile pc=0x00000000029987e8 method=java.util.Arrays.hashCode([Ljava/lang/Object;)I @ 43
Event: 89.214 Thread 0x00000000577de800 Uncommon trap: reason=unstable_if action=reinterpret pc=0x0000000002703a60 method=com.android.dx.dex.file.DexFile.internIfAppropriate(Lcom/android/dx/rop/cst/Constant;)V @ 70
Event: 89.589 Thread 0x00000000577de800 Uncommon trap: reason=class_check action=maybe_recompile pc=0x00000000028b38e0 method=java.util.Arrays.equals([Ljava/lang/Object;[Ljava/lang/Object;)Z @ 62
Event: 89.589 Thread 0x00000000577de800 Uncommon trap: reason=class_check action=maybe_recompile pc=0x00000000028b38e0 method=java.util.Arrays.equals([Ljava/lang/Object;[Ljava/lang/Object;)Z @ 62
Event: 89.589 Thread 0x00000000577de800 Uncommon trap: reason=class_check action=maybe_recompile pc=0x00000000028b38e0 method=java.util.Arrays.equals([Ljava/lang/Object;[Ljava/lang/Object;)Z @ 62
Event: 89.589 Thread 0x00000000577de800 Uncommon trap: reason=unstable_if action=reinterpret pc=0x00000000028b38bc method=java.util.Arrays.equals([Ljava/lang/Object;[Ljava/lang/Object;)Z @ 23
Event: 89.591 Thread 0x00000000577de800 Uncommon trap: reason=unstable_if action=reinterpret pc=0x0000000002ce3568 method=java.util.TreeMap.put(Ljava/lang/Object;Ljava/lang/Object;)Ljava/lang/Object; @ 163
Event: 89.670 Thread 0x00000000577de800 Uncommon trap: reason=unstable_if action=reinterpret pc=0x000000000291b44c method=com.android.dx.dex.code.OutputFinisher.findOpcodeForInsn(Lcom/android/dx/dex/code/DalvInsn;Lcom/android/dx/dex/code/Dop;)Lcom/android/dx/dex/code/Dop; @ 1
Event: 89.957 Thread 0x00000000577de800 Uncommon trap: reason=unstable_if action=reinterpret pc=0x0000000002bd148c method=com.android.dx.dex.code.OutputFinisher.align64bits([Lcom/android/dx/dex/code/Dop;)V @ 205
Event: 90.676 Thread 0x00000000577de800 Uncommon trap: reason=unstable_if action=reinterpret pc=0x0000000002c79ef4 method=com.android.dx.util.ByteArrayAnnotatedOutput.writeByte(I)V @ 13

Internal exceptions (8 events):
Event: 0.193 Thread 0x0000000001ede800 Exception <a 'java/lang/NoSuchMethodError': Method sun.misc.Unsafe.defineClass(Ljava/lang/String;[BII)Ljava/lang/Class; name or signature does not match> (0x00000000eab12f48) thrown at [C:\re\workspace\8-2-build-windows-amd64-cygwin\jdk8u45\3627\hotspot\srT…	∫»?
Event: 0.193 Thread 0x0000000001ede800 Exception <a 'java/lang/NoSuchMethodError': Method sun.misc.Unsafe.prefetchRead(Ljava/lang/Object;J)V name or signature does not match> (0x00000000eab131d8) thrown at [C:\re\workspace\8-2-build-windows-amd64-cygwin\jdk8u45\3627\hotspot\src\share\vm\prims\j’wS†Ò;@
Event: 4.309 Thread 0x00000000577f1000 Implicit null exception at 0x000000000282a152 to 0x000000000282a242
Event: 17.907 Thread 0x00000000577eb800 Implicit null exception at 0x00000000028ab322 to 0x00000000028abba1
Event: 19.266 Thread 0x00000000577f1000 Exception <a 'java/lang/ArrayIndexOutOfBoundsException': 18> (0x00000000ec6a0a80) thrown at [C:\re\workspace\8-2-build-windows-amd64-cygwin\jdk8u45\3627\hotspot\src\share\vm\interpreter\interpreterRuntime.cpp, line 366]
Event: 19.266 Thread 0x00000000577f1000 Exception <a 'java/lang/ArrayIndexOutOfBoundsException': 145> (0x00000000ec6a2550) thrown at [C:\re\workspace\8-2-build-windows-amd64-cygwin\jdk8u45\3627\hotspot\src\share\vm\interpreter\interpreterRuntime.cpp, line 366]
Event: 19.267 Thread 0x00000000577f1000 Exception <a 'java/lang/ArrayIndexOutOfBoundsException'> (0x00000000ec6a3788) thrown at [C:\re\workspace\8-2-build-windows-amd64-cygwin\jdk8u45\3627\hotspot\src\share\vm\runtime\sharedRuntime.cpp, line 605]
Event: 57.400 Thread 0x00000000577f0800 Implicit null exception at 0x0000000002af391c to 0x0000000002af393e

Events (10 events):
Event: 90.104 Thread 0x00000000577de800 DEOPT UNPACKING pc=0x000000000255747f sp=0x000000005664e860 mode 0
Event: 90.519 loading class com/android/dex/EncodedValueCodec
Event: 90.519 loading class com/android/dex/EncodedValueCodec done
Event: 90.659 loading class com/android/dx/dex/file/MapItem
Event: 90.659 loading class com/android/dx/dex/file/MapItem done
Event: 90.675 loading class com/android/dex/DexFormat
Event: 90.675 loading class com/android/dex/DexFormat done
Event: 90.676 Thread 0x00000000577de800 Uncommon trap: trap_request=0xffffff65 fr.pc=0x0000000002c79ef4
Event: 90.676 Thread 0x00000000577de800 DEOPT PACKING pc=0x0000000002c79ef4 sp=0x000000005664eca0
Event: 90.676 Thread 0x00000000577de800 DEOPT UNPACKING pc=0x000000000255582a sp=0x000000005664ec58 mode 2


Dynamic libraries:
0x000000013f650000 - 0x000000013f687000 	C:\Program Files\Java\jdk1.8.0_45\bin\java.exe
0x00000000775a0000 - 0x000000007774a000 	C:\Windows\SYSTEM32\ntdll.dll
0x0000000077480000 - 0x000000007759f000 	C:\Windows\system32\kernel32.dll
0x000007fefd640000 - 0x000007fefd6aa000 	C:\Windows\system32\KERNELBASE.dll
0x000007feff7d0000 - 0x000007feff8ab000 	C:\Windows\system32\ADVAPI32.dll
0x000007fefdb90000 - 0x000007fefdc2f000 	C:\Windows\system32\msvcrt.dll
0x000007fefdc30000 - 0x000007fefdc4f000 	C:\Windows\SYSTEM32\sechost.dll
0x000007feff530000 - 0x000007feff65d000 	C:\Windows\system32\RPCRT4.dll
0x0000000077380000 - 0x000000007747a000 	C:\Windows\system32\USER32.dll
0x000007fefd820000 - 0x000007fefd887000 	C:\Windows\system32\GDI32.dll
0x000007fefd7e0000 - 0x000007fefd7ee000 	C:\Windows\system32\LPK.dll
0x000007fefdac0000 - 0x000007fefdb8a000 	C:\Windows\system32\USP10.dll
0x000007fefb700000 - 0x000007fefb8f4000 	C:\Windows\WinSxS\amd64_microsoft.windows.common-controls_6595b64144ccf1df_6.0.7601.18837_none_fa3b1e3d17594757\COMCTL32.dll
0x000007fefdd30000 - 0x000007fefdda1000 	C:\Windows\system32\SHLWAPI.dll
0x000007fefd7f0000 - 0x000007fefd81e000 	C:\Windows\system32\IMM32.DLL
0x000007feff6c0000 - 0x000007feff7c9000 	C:\Windows\system32\MSCTF.dll
0x0000000057490000 - 0x0000000057562000 	C:\Program Files\Java\jdk1.8.0_45\jre\bin\msvcr100.dll
0x0000000056910000 - 0x0000000057193000 	C:\Program Files\Java\jdk1.8.0_45\jre\bin\server\jvm.dll
0x000007fef9ce0000 - 0x000007fef9ce9000 	C:\Windows\system32\WSOCK32.dll
0x000007fefd780000 - 0x000007fefd7cd000 	C:\Windows\system32\WS2_32.dll
0x000007fefd7d0000 - 0x000007fefd7d8000 	C:\Windows\system32\NSI.dll
0x000007fefb2f0000 - 0x000007fefb32b000 	C:\Windows\system32\WINMM.dll
0x000007fefc3c0000 - 0x000007fefc3cc000 	C:\Windows\system32\VERSION.dll
0x0000000077770000 - 0x0000000077777000 	C:\Windows\system32\PSAPI.DLL
0x0000000057a10000 - 0x0000000057a1f000 	C:\Program Files\Java\jdk1.8.0_45\jre\bin\verify.dll
0x00000000579e0000 - 0x0000000057a09000 	C:\Program Files\Java\jdk1.8.0_45\jre\bin\java.dll
0x00000000579c0000 - 0x00000000579d6000 	C:\Program Files\Java\jdk1.8.0_45\jre\bin\zip.dll
0x000007fefddb0000 - 0x000007fefeb3a000 	C:\Windows\system32\SHELL32.dll
0x000007feff320000 - 0x000007feff523000 	C:\Windows\system32\ole32.dll
0x000007fefd330000 - 0x000007fefd33f000 	C:\Windows\system32\profapi.dll

VM Arguments:
jvm_args: -Djava.awt.headless=true -Xmx1024M -Dfile.encoding=windows-1254 -Duser.country=TR -Duser.language=tr -Duser.variant 
java_command: com.android.dx.command.Main --dex --force-jumbo --num-threads=4 --multi-dex --output C:\Users\ahmet\AndroidStudioProjects\AdaletPro\app\build\intermediates\transforms\dex\debug\folders\1000\10\com.google.android.gms-play-services-ads-9.0.0_dbc3b5214635ba568fd18fba2e1b1503d33aba53 C:\Users\ahmet\AndroidStudioProjects\AdaletPro\app\build\intermediates\exploded-aar\com.google.android.gms\play-services-ads\9.0.0\jars\classes.jar
java_class_path (initial): C:\Users\ahmet\AppData\Local\Android\sdk\build-tools\23.0.1\lib\dx.jar
Launcher Type: SUN_STANDARD

Environment Variables:
PATH=C:\Program Files\Common Files\Microsoft Shared\Windows Live;C:\Program Files (x86)\Common Files\Microsoft Shared\Windows Live;C:\ProgramData\Oracle\Java\javapath;C:\Windows\system32;C:\Windows;C:\Windows\System32\Wbem;C:\Windows\System32\WindowsPowerShell\v1.0\;C:\Program Files\WIDCOMM\Bluetooth Software\;C:\Program Files\WIDCOMM\Bluetooth Software\syswow64;C:\Program Files\Intel\WiFi\bin\;C:\Program Files\Common Files\Intel\WirelessCommon\;C:\Program Files (x86)\Common Files\Roxio Shared\10.0\DLLShared\;C:\Program Files (x86)\Common Files\Roxio Shared\DLLShared\;C:\Program Files (x86)\Windows Live\Shared;C:\Users\ahmet\AppData\Local\GitHub\PortableGit_c2ba306e536fdf878271f7fe636a147ff37326ad\bin;C:\Program Files (x86)\Skype\Phone\
USERNAME=ahmet
OS=Windows_NT
PROCESSOR_IDENTIFIER=Intel64 Family 6 Model 37 Stepping 2, GenuineIntel



---------------  S Y S T E M  ---------------

OS: Windows 7 , 64 bit Build 7601 (6.1.7601.23418)

CPU:total 4 (2 cores per cpu, 2 threads per core) family 6 model 37 stepping 2, cmov, cx8, fxsr, mmx, sse, sse2, sse3, ssse3, sse4.1, sse4.2, popcnt, aes, clmul, ht, tsc, tscinvbit

Memory: 4k page, physical 4110428k(161124k free), swap 9228568k(5076k free)

vm_info: Java HotSpot(TM) 64-Bit Server VM (25.45-b02) for windows-amd64 JRE (1.8.0_45-b15), built on Apr 30 2015 12:40:44 by "java_re" with MS VC++ 10.0 (VS2010)

time: Fri May 27 22:16:53 2016
elapsed time: 90 seconds (0d 0h 1m 30s)

