#
# There is insufficient memory for the Java Runtime Environment to continue.
# Native memory allocation (malloc) failed to allocate 32744 bytes for ChunkPool::allocate
# Possible reasons:
#   The system is out of physical RAM or swap space
#   In 32 bit mode, the process size limit was hit
# Possible solutions:
#   Reduce memory load on the system
#   Increase physical memory or swap space
#   Check if swap backing store is full
#   Use 64 bit Java on a 64 bit OS
#   Decrease Java heap size (-Xmx/-Xms)
#   Decrease number of Java threads
#   Decrease Java thread stack sizes (-Xss)
#   Set larger code cache with -XX:ReservedCodeCacheSize=
# This output file may be truncated or incomplete.
#
#  Out of Memory Error (allocation.cpp:273), pid=7676, tid=636
#
# JRE version: Java(TM) SE Runtime Environment (8.0_45-b15) (build 1.8.0_45-b15)
# Java VM: Java HotSpot(TM) 64-Bit Server VM (25.45-b02 mixed mode windows-amd64 compressed oops)
# Failed to write core dump. Minidumps are not enabled by default on client versions of Windows
#

---------------  T H R E A D  ---------------

Current thread (0x0000000054f22000):  JavaThread "C2 CompilerThread0" daemon [_thread_in_native, id=636, stack(0x00000000563d0000,0x00000000564d0000)]

Stack: [0x00000000563d0000,0x00000000564d0000]
Native frames: (J=compiled Java code, j=interpreted, Vv=VM code, C=native code)
V  [jvm.dll+0x32b57a]


Current CompileTask:
C2:  25336 1780   !   4       com.android.dx.cf.code.Ropper::processBlock (1101 bytes)


---------------  P R O C E S S  ---------------

Java Threads: ( => current thread )
  0x0000000057819000 JavaThread "pool-2-thread-4" [_thread_blocked, id=6936, stack(0x0000000058080000,0x0000000058180000)]
  0x0000000057815000 JavaThread "pool-2-thread-3" [_thread_blocked, id=7660, stack(0x0000000057ef0000,0x0000000057ff0000)]
  0x0000000057813800 JavaThread "pool-2-thread-2" [_thread_blocked, id=3404, stack(0x0000000057ca0000,0x0000000057da0000)]
  0x000000005780e800 JavaThread "pool-3-thread-1" [_thread_blocked, id=8920, stack(0x0000000057ba0000,0x0000000057ca0000)]
  0x00000000577f5800 JavaThread "pool-2-thread-1" [_thread_blocked, id=4444, stack(0x0000000057a60000,0x0000000057b60000)]
  0x0000000054f29000 JavaThread "Service Thread" daemon [_thread_blocked, id=7804, stack(0x00000000572d0000,0x00000000573d0000)]
  0x0000000054f26800 JavaThread "C1 CompilerThread2" daemon [_thread_blocked, id=8768, stack(0x00000000571a0000,0x00000000572a0000)]
  0x0000000054f25800 JavaThread "C2 CompilerThread1" daemon [_thread_blocked, id=5424, stack(0x00000000565a0000,0x00000000566a0000)]
=>0x0000000054f22000 JavaThread "C2 CompilerThread0" daemon [_thread_in_native, id=636, stack(0x00000000563d0000,0x00000000564d0000)]
  0x0000000054f2e000 JavaThread "Attach Listener" daemon [_thread_blocked, id=4264, stack(0x0000000056140000,0x0000000056240000)]
  0x0000000054f2d000 JavaThread "Signal Dispatcher" daemon [_thread_blocked, id=9156, stack(0x0000000056270000,0x0000000056370000)]
  0x0000000054ec1000 JavaThread "Finalizer" daemon [_thread_blocked, id=8568, stack(0x0000000055fa0000,0x00000000560a0000)]
  0x0000000054ec0000 JavaThread "Reference Handler" daemon [_thread_blocked, id=7340, stack(0x0000000055e70000,0x0000000055f70000)]
  0x0000000001d2e800 JavaThread "main" [_thread_blocked, id=8720, stack(0x0000000002160000,0x0000000002260000)]

Other Threads:
  0x0000000054eba800 VMThread [stack: 0x0000000055d50000,0x0000000055e50000] [id=1108]
  0x0000000057571000 WatcherThread [stack: 0x00000000566e0000,0x00000000567e0000] [id=6116]

VM state:not at safepoint (normal execution)

VM Mutex/Monitor currently owned by a thread: None

Heap:
 PSYoungGen      total 142336K, used 38584K [0x00000000eab00000, 0x00000000f4500000, 0x0000000100000000)
  eden space 130048K, 21% used [0x00000000eab00000,0x00000000ec625680,0x00000000f2a00000)
  from space 12288K, 87% used [0x00000000f3700000,0x00000000f4188a90,0x00000000f4300000)
  to   space 13312K, 0% used [0x00000000f2a00000,0x00000000f2a00000,0x00000000f3700000)
 ParOldGen       total 44032K, used 23451K [0x00000000c0000000, 0x00000000c2b00000, 0x00000000eab00000)
  object space 44032K, 53% used [0x00000000c0000000,0x00000000c16e6ec0,0x00000000c2b00000)
 Metaspace       used 6223K, capacity 7092K, committed 7296K, reserved 1056768K
  class space    used 602K, capacity 620K, committed 640K, reserved 1048576K

Card table byte_map: [0x00000000118f0000,0x0000000011b00000] byte_map_base: 0x00000000112f0000

Marking Bits: (ParMarkBitMap*) 0x0000000057114040
 Begin Bits: [0x0000000012330000, 0x0000000013330000)
 End Bits:   [0x0000000013330000, 0x0000000014330000)

Polling page: 0x0000000000410000

CodeCache: size=245760Kb used=8669Kb max_used=8686Kb free=237090Kb
 bounds [0x0000000002530000, 0x0000000002dc0000, 0x0000000011530000]
 total_blobs=2278 nmethods=2009 adapters=182
 compilation: enabled

Compilation events (10 events):
Event: 24.632 Thread 0x0000000054f25800 2161       4       com.android.dx.ssa.SsaConverter::edgeSplitSuccessors (98 bytes)
Event: 24.890 Thread 0x0000000054f25800 nmethod 2161 0x0000000002da3f50 code [0x0000000002da4240, 0x0000000002da70e8]
Event: 24.890 Thread 0x0000000054f25800 2162 %     4       com.android.dx.ssa.Dominators::run @ 283 (506 bytes)
Event: 25.027 Thread 0x0000000054f25800 nmethod 2162% 0x0000000002da9e50 code [0x0000000002daa0a0, 0x0000000002dab738]
Event: 25.027 Thread 0x0000000054f25800 2163       4       com.android.dx.rop.code.RegisterSpec::hashCode (16 bytes)
Event: 25.036 Thread 0x0000000054f25800 nmethod 2163 0x0000000002da0710 code [0x0000000002da0860, 0x0000000002da0c18]
Event: 25.076 Thread 0x0000000054f25800 2165   !   4       com.android.dx.cf.direct.AttributeFactory::parse (248 bytes)
Event: 25.087 Thread 0x0000000054f25800 nmethod 2165 0x0000000002dad310 code [0x0000000002dad4a0, 0x0000000002dadd18]
Event: 25.087 Thread 0x0000000054f25800 2166       4       com.android.dx.cf.direct.StdAttributeFactory::parse0 (532 bytes)
Event: 25.145 Thread 0x0000000054f25800 nmethod 2166 0x0000000002db1590 code [0x0000000002db1900, 0x0000000002db3220]

GC Heap History (10 events):
Event: 3.599 GC heap before
{Heap before GC invocations=2 (full 0):
 PSYoungGen      total 18944K, used 18935K [0x00000000eab00000, 0x00000000ed000000, 0x0000000100000000)
  eden space 16384K, 100% used [0x00000000eab00000,0x00000000ebb00000,0x00000000ebb00000)
  from space 2560K, 99% used [0x00000000ebb00000,0x00000000ebd7dc78,0x00000000ebd80000)
  to   space 2560K, 0% used [0x00000000ecd80000,0x00000000ecd80000,0x00000000ed000000)
 ParOldGen       total 44032K, used 1806K [0x00000000c0000000, 0x00000000c2b00000, 0x00000000eab00000)
  object space 44032K, 4% used [0x00000000c0000000,0x00000000c01c3878,0x00000000c2b00000)
 Metaspace       used 5746K, capacity 6832K, committed 7040K, reserved 1056768K
  class space    used 582K, capacity 616K, committed 640K, reserved 1048576K
Event: 3.999 GC heap after
Heap after GC invocations=2 (full 0):
 PSYoungGen      total 35328K, used 2560K [0x00000000eab00000, 0x00000000ed000000, 0x0000000100000000)
  eden space 32768K, 0% used [0x00000000eab00000,0x00000000eab00000,0x00000000ecb00000)
  from space 2560K, 100% used [0x00000000ecd80000,0x00000000ed000000,0x00000000ed000000)
  to   space 2560K, 0% used [0x00000000ecb00000,0x00000000ecb00000,0x00000000ecd80000)
 ParOldGen       total 44032K, used 4493K [0x00000000c0000000, 0x00000000c2b00000, 0x00000000eab00000)
  object space 44032K, 10% used [0x00000000c0000000,0x00000000c0463648,0x00000000c2b00000)
 Metaspace       used 5746K, capacity 6832K, committed 7040K, reserved 1056768K
  class space    used 582K, capacity 616K, committed 640K, reserved 1048576K
}
Event: 4.503 GC heap before
{Heap before GC invocations=3 (full 0):
 PSYoungGen      total 35328K, used 35328K [0x00000000eab00000, 0x00000000ed000000, 0x0000000100000000)
  eden space 32768K, 100% used [0x00000000eab00000,0x00000000ecb00000,0x00000000ecb00000)
  from space 2560K, 100% used [0x00000000ecd80000,0x00000000ed000000,0x00000000ed000000)
  to   space 2560K, 0% used [0x00000000ecb00000,0x00000000ecb00000,0x00000000ecd80000)
 ParOldGen       total 44032K, used 4493K [0x00000000c0000000, 0x00000000c2b00000, 0x00000000eab00000)
  object space 44032K, 10% used [0x00000000c0000000,0x00000000c0463648,0x00000000c2b00000)
 Metaspace       used 5819K, capacity 6896K, committed 7040K, reserved 1056768K
  class space    used 582K, capacity 616K, committed 640K, reserved 1048576K
Event: 4.715 GC heap after
Heap after GC invocations=3 (full 0):
 PSYoungGen      total 35328K, used 2544K [0x00000000eab00000, 0x00000000ef000000, 0x0000000100000000)
  eden space 32768K, 0% used [0x00000000eab00000,0x00000000eab00000,0x00000000ecb00000)
  from space 2560K, 99% used [0x00000000ecb00000,0x00000000ecd7c180,0x00000000ecd80000)
  to   space 2560K, 0% used [0x00000000eed80000,0x00000000eed80000,0x00000000ef000000)
 ParOldGen       total 44032K, used 9704K [0x00000000c0000000, 0x00000000c2b00000, 0x00000000eab00000)
  object space 44032K, 22% used [0x00000000c0000000,0x00000000c097a3e8,0x00000000c2b00000)
 Metaspace       used 5819K, capacity 6896K, committed 7040K, reserved 1056768K
  class space    used 582K, capacity 616K, committed 640K, reserved 1048576K
}
Event: 5.581 GC heap before
{Heap before GC invocations=4 (full 0):
 PSYoungGen      total 35328K, used 35312K [0x00000000eab00000, 0x00000000ef000000, 0x0000000100000000)
  eden space 32768K, 100% used [0x00000000eab00000,0x00000000ecb00000,0x00000000ecb00000)
  from space 2560K, 99% used [0x00000000ecb00000,0x00000000ecd7c180,0x00000000ecd80000)
  to   space 2560K, 0% used [0x00000000eed80000,0x00000000eed80000,0x00000000ef000000)
 ParOldGen       total 44032K, used 9704K [0x00000000c0000000, 0x00000000c2b00000, 0x00000000eab00000)
  object space 44032K, 22% used [0x00000000c0000000,0x00000000c097a3e8,0x00000000c2b00000)
 Metaspace       used 6032K, capacity 7088K, committed 7296K, reserved 1056768K
  class space    used 582K, capacity 616K, committed 640K, reserved 1048576K
Event: 6.056 GC heap after
Heap after GC invocations=4 (full 0):
 PSYoungGen      total 68096K, used 2545K [0x00000000eab00000, 0x00000000ef000000, 0x0000000100000000)
  eden space 65536K, 0% used [0x00000000eab00000,0x00000000eab00000,0x00000000eeb00000)
  from space 2560K, 99% used [0x00000000eed80000,0x00000000eeffc7e8,0x00000000ef000000)
  to   space 2560K, 0% used [0x00000000eeb00000,0x00000000eeb00000,0x00000000eed80000)
 ParOldGen       total 44032K, used 13872K [0x00000000c0000000, 0x00000000c2b00000, 0x00000000eab00000)
  object space 44032K, 31% used [0x00000000c0000000,0x00000000c0d8c020,0x00000000c2b00000)
 Metaspace       used 6032K, capacity 7088K, committed 7296K, reserved 1056768K
  class space    used 582K, capacity 616K, committed 640K, reserved 1048576K
}
Event: 17.147 GC heap before
{Heap before GC invocations=5 (full 0):
 PSYoungGen      total 68096K, used 68081K [0x00000000eab00000, 0x00000000ef000000, 0x0000000100000000)
  eden space 65536K, 100% used [0x00000000eab00000,0x00000000eeb00000,0x00000000eeb00000)
  from space 2560K, 99% used [0x00000000eed80000,0x00000000eeffc7e8,0x00000000ef000000)
  to   space 2560K, 0% used [0x00000000eeb00000,0x00000000eeb00000,0x00000000eed80000)
 ParOldGen       total 44032K, used 13872K [0x00000000c0000000, 0x00000000c2b00000, 0x00000000eab00000)
  object space 44032K, 31% used [0x00000000c0000000,0x00000000c0d8c020,0x00000000c2b00000)
 Metaspace       used 6198K, capacity 7092K, committed 7296K, reserved 1056768K
  class space    used 602K, capacity 620K, committed 640K, reserved 1048576K
Event: 18.227 GC heap after
Heap after GC invocations=5 (full 0):
 PSYoungGen      total 68096K, used 2528K [0x00000000eab00000, 0x00000000f4300000, 0x0000000100000000)
  eden space 65536K, 0% used [0x00000000eab00000,0x00000000eab00000,0x00000000eeb00000)
  from space 2560K, 98% used [0x00000000eeb00000,0x00000000eed78010,0x00000000eed80000)
  to   space 12288K, 0% used [0x00000000f3700000,0x00000000f3700000,0x00000000f4300000)
 ParOldGen       total 44032K, used 23451K [0x00000000c0000000, 0x00000000c2b00000, 0x00000000eab00000)
  object space 44032K, 53% used [0x00000000c0000000,0x00000000c16e6ec0,0x00000000c2b00000)
 Metaspace       used 6198K, capacity 7092K, committed 7296K, reserved 1056768K
  class space    used 602K, capacity 620K, committed 640K, reserved 1048576K
}
Event: 18.845 GC heap before
{Heap before GC invocations=6 (full 0):
 PSYoungGen      total 68096K, used 68064K [0x00000000eab00000, 0x00000000f4300000, 0x0000000100000000)
  eden space 65536K, 100% used [0x00000000eab00000,0x00000000eeb00000,0x00000000eeb00000)
  from space 2560K, 98% used [0x00000000eeb00000,0x00000000eed78010,0x00000000eed80000)
  to   space 12288K, 0% used [0x00000000f3700000,0x00000000f3700000,0x00000000f4300000)
 ParOldGen       total 44032K, used 23451K [0x00000000c0000000, 0x00000000c2b00000, 0x00000000eab00000)
  object space 44032K, 53% used [0x00000000c0000000,0x00000000c16e6ec0,0x00000000c2b00000)
 Metaspace       used 6214K, capacity 7092K, committed 7296K, reserved 1056768K
  class space    used 602K, capacity 620K, committed 640K, reserved 1048576K
Event: 19.655 GC heap after
Heap after GC invocations=6 (full 0):
 PSYoungGen      total 142336K, used 10786K [0x00000000eab00000, 0x00000000f4500000, 0x0000000100000000)
  eden space 130048K, 0% used [0x00000000eab00000,0x00000000eab00000,0x00000000f2a00000)
  from space 12288K, 87% used [0x00000000f3700000,0x00000000f4188a90,0x00000000f4300000)
  to   space 13312K, 0% used [0x00000000f2a00000,0x00000000f2a00000,0x00000000f3700000)
 ParOldGen       total 44032K, used 23451K [0x00000000c0000000, 0x00000000c2b00000, 0x00000000eab00000)
  object space 44032K, 53% used [0x00000000c0000000,0x00000000c16e6ec0,0x00000000c2b00000)
 Metaspace       used 6214K, capacity 7092K, committed 7296K, reserved 1056768K
  class space    used 602K, capacity 620K, committed 640K, reserved 1048576K
}

Deoptimization events (10 events):
Event: 16.987 Thread 0x0000000057815000 Uncommon trap: reason=unstable_if action=reinterpret pc=0x000000000284d814 method=java.util.HashMap.putVal(ILjava/lang/Object;Ljava/lang/Object;ZZ)Ljava/lang/Object; @ 162
Event: 16.994 Thread 0x0000000057815000 Uncommon trap: reason=unstable_if action=reinterpret pc=0x0000000002c8cb48 method=java.util.HashMap.getNode(ILjava/lang/Object;)Ljava/util/HashMap$Node; @ 84
Event: 18.324 Thread 0x00000000577f5800 Uncommon trap: reason=unstable_if action=reinterpret pc=0x0000000002b17420 method=com.android.dx.ssa.InterferenceRegisterMapper.interferes(III)Z @ 69
Event: 18.387 Thread 0x00000000577f5800 Uncommon trap: reason=unstable_if action=reinterpret pc=0x00000000029711cc method=java.util.HashMap.putVal(ILjava/lang/Object;Ljava/lang/Object;ZZ)Ljava/lang/Object; @ 162
Event: 18.452 Thread 0x0000000057813800 Uncommon trap: reason=unstable_if action=reinterpret pc=0x0000000002b18174 method=java.util.HashMap.resize()[Ljava/util/HashMap$Node; @ 206
Event: 19.836 Thread 0x00000000577f5800 Uncommon trap: reason=class_check action=maybe_recompile pc=0x0000000002cc7b00 method=com.android.dx.ssa.back.FirstFitLocalCombiningAllocator.findNextUnreservedRopReg(IILcom/android/dx/ssa/back/FirstFitLocalCombiningAllocator$Alignment;)I @ 60
Event: 19.836 Thread 0x00000000577f5800 Uncommon trap: reason=class_check action=maybe_recompile pc=0x0000000002cc7b00 method=com.android.dx.ssa.back.FirstFitLocalCombiningAllocator.findNextUnreservedRopReg(IILcom/android/dx/ssa/back/FirstFitLocalCombiningAllocator$Alignment;)I @ 60
Event: 19.840 Thread 0x00000000577f5800 Uncommon trap: reason=class_check action=maybe_recompile pc=0x0000000002cc7b00 method=com.android.dx.ssa.back.FirstFitLocalCombiningAllocator.findNextUnreservedRopReg(IILcom/android/dx/ssa/back/FirstFitLocalCombiningAllocator$Alignment;)I @ 60
Event: 19.840 Thread 0x00000000577f5800 Uncommon trap: reason=class_check action=maybe_recompile pc=0x0000000002cc7b00 method=com.android.dx.ssa.back.FirstFitLocalCombiningAllocator.findNextUnreservedRopReg(IILcom/android/dx/ssa/back/FirstFitLocalCombiningAllocator$Alignment;)I @ 60
Event: 19.850 Thread 0x0000000057813800 Uncommon trap: reason=unstable_if action=reinterpret pc=0x0000000002b9eef8 method=com.android.dx.cf.code.Merger.mergeType(Lcom/android/dx/rop/type/TypeBearer;Lcom/android/dx/rop/type/TypeBearer;)Lcom/android/dx/rop/type/TypeBearer; @ 52

Internal exceptions (6 events):
Event: 0.395 Thread 0x0000000001d2e800 Exception <a 'java/lang/NoSuchMethodError': Method sun.misc.Unsafe.defineClass(Ljava/lang/String;[BII)Ljava/lang/Class; name or signature does not match> (0x00000000eab12f48) thrown at [C:\re\workspace\8-2-build-windows-amd64-cygwin\jdk8u45\3627\hotspot\srOÏ˛IŸ?
Event: 0.395 Thread 0x0000000001d2e800 Exception <a 'java/lang/NoSuchMethodError': Method sun.misc.Unsafe.prefetchRead(Ljava/lang/Object;J)V name or signature does not match> (0x00000000eab131d8) thrown at [C:\re\workspace\8-2-build-windows-amd64-cygwin\jdk8u45\3627\hotspot\src\share\vm\prims\jï¿´èJ‚@
Event: 4.221 Thread 0x0000000057819000 Implicit null exception at 0x00000000028fdd5b to 0x000000000290019d
Event: 16.991 Thread 0x0000000057815000 Exception <a 'java/lang/ArrayIndexOutOfBoundsException': 18> (0x00000000edf1df10) thrown at [C:\re\workspace\8-2-build-windows-amd64-cygwin\jdk8u45\3627\hotspot\src\share\vm\interpreter\interpreterRuntime.cpp, line 366]
Event: 16.991 Thread 0x0000000057815000 Exception <a 'java/lang/ArrayIndexOutOfBoundsException': 145> (0x00000000edf1f9e0) thrown at [C:\re\workspace\8-2-build-windows-amd64-cygwin\jdk8u45\3627\hotspot\src\share\vm\interpreter\interpreterRuntime.cpp, line 366]
Event: 16.993 Thread 0x0000000057815000 Exception <a 'java/lang/ArrayIndexOutOfBoundsException'> (0x00000000edf20c18) thrown at [C:\re\workspace\8-2-build-windows-amd64-cygwin\jdk8u45\3627\hotspot\src\share\vm\runtime\sharedRuntime.cpp, line 605]

Events (10 events):
Event: 19.840 Thread 0x00000000577f5800 DEOPT PACKING pc=0x0000000002cc7b00 sp=0x0000000057b5e560
Event: 19.840 Thread 0x00000000577f5800 DEOPT UNPACKING pc=0x000000000257582a sp=0x0000000057b5e508 mode 2
Event: 19.840 Thread 0x00000000577f5800 Uncommon trap: trap_request=0xffffffde fr.pc=0x0000000002cc7b00
Event: 19.840 Thread 0x00000000577f5800 DEOPT PACKING pc=0x0000000002cc7b00 sp=0x0000000057b5e560
Event: 19.840 Thread 0x00000000577f5800 DEOPT UNPACKING pc=0x000000000257582a sp=0x0000000057b5e508 mode 2
Event: 19.850 Thread 0x0000000057813800 Uncommon trap: trap_request=0xffffff65 fr.pc=0x0000000002b9eef8
Event: 19.850 Thread 0x0000000057813800 DEOPT PACKING pc=0x0000000002b9eef8 sp=0x0000000057d9e640
Event: 19.850 Thread 0x0000000057813800 DEOPT UNPACKING pc=0x000000000257582a sp=0x0000000057d9e5d0 mode 2
Event: 25.075 loading class com/android/dx/cf/iface/ParseObserver
Event: 25.076 loading class com/android/dx/cf/iface/ParseObserver done


Dynamic libraries:
0x000000013f650000 - 0x000000013f687000 	C:\Program Files\Java\jdk1.8.0_45\bin\java.exe
0x00000000775a0000 - 0x000000007774a000 	C:\Windows\SYSTEM32\ntdll.dll
0x0000000077480000 - 0x000000007759f000 	C:\Windows\system32\kernel32.dll
0x000007fefd640000 - 0x000007fefd6aa000 	C:\Windows\system32\KERNELBASE.dll
0x000007feff7d0000 - 0x000007feff8ab000 	C:\Windows\system32\ADVAPI32.dll
0x000007fefdb90000 - 0x000007fefdc2f000 	C:\Windows\system32\msvcrt.dll
0x000007fefdc30000 - 0x000007fefdc4f000 	C:\Windows\SYSTEM32\sechost.dll
0x000007feff530000 - 0x000007feff65d000 	C:\Windows\system32\RPCRT4.dll
0x0000000077380000 - 0x000000007747a000 	C:\Windows\system32\USER32.dll
0x000007fefd820000 - 0x000007fefd887000 	C:\Windows\system32\GDI32.dll
0x000007fefd7e0000 - 0x000007fefd7ee000 	C:\Windows\system32\LPK.dll
0x000007fefdac0000 - 0x000007fefdb8a000 	C:\Windows\system32\USP10.dll
0x000007fefb700000 - 0x000007fefb8f4000 	C:\Windows\WinSxS\amd64_microsoft.windows.common-controls_6595b64144ccf1df_6.0.7601.18837_none_fa3b1e3d17594757\COMCTL32.dll
0x000007fefdd30000 - 0x000007fefdda1000 	C:\Windows\system32\SHLWAPI.dll
0x000007fefd7f0000 - 0x000007fefd81e000 	C:\Windows\system32\IMM32.DLL
0x000007feff6c0000 - 0x000007feff7c9000 	C:\Windows\system32\MSCTF.dll
0x0000000057490000 - 0x0000000057562000 	C:\Program Files\Java\jdk1.8.0_45\jre\bin\msvcr100.dll
0x0000000056910000 - 0x0000000057193000 	C:\Program Files\Java\jdk1.8.0_45\jre\bin\server\jvm.dll
0x000007fef9ce0000 - 0x000007fef9ce9000 	C:\Windows\system32\WSOCK32.dll
0x000007fefd780000 - 0x000007fefd7cd000 	C:\Windows\system32\WS2_32.dll
0x000007fefd7d0000 - 0x000007fefd7d8000 	C:\Windows\system32\NSI.dll
0x000007fefb2f0000 - 0x000007fefb32b000 	C:\Windows\system32\WINMM.dll
0x000007fefc3c0000 - 0x000007fefc3cc000 	C:\Windows\system32\VERSION.dll
0x0000000077770000 - 0x0000000077777000 	C:\Windows\system32\PSAPI.DLL
0x0000000057a10000 - 0x0000000057a1f000 	C:\Program Files\Java\jdk1.8.0_45\jre\bin\verify.dll
0x00000000579e0000 - 0x0000000057a09000 	C:\Program Files\Java\jdk1.8.0_45\jre\bin\java.dll
0x00000000579c0000 - 0x00000000579d6000 	C:\Program Files\Java\jdk1.8.0_45\jre\bin\zip.dll
0x000007fefddb0000 - 0x000007fefeb3a000 	C:\Windows\system32\SHELL32.dll
0x000007feff320000 - 0x000007feff523000 	C:\Windows\system32\ole32.dll
0x000007fefd330000 - 0x000007fefd33f000 	C:\Windows\system32\profapi.dll

VM Arguments:
jvm_args: -Djava.awt.headless=true -Xmx1024M -Dfile.encoding=windows-1254 -Duser.country=TR -Duser.language=tr -Duser.variant 
java_command: com.android.dx.command.Main --dex --force-jumbo --num-threads=4 --multi-dex --output C:\Users\ahmet\AndroidStudioProjects\AdaletPro\app\build\intermediates\transforms\dex\debug\folders\1000\2\httpclient-4.3.6_ebcf5c6c147902168a7d27e46f78b67dcdf121e7 C:\Users\ahmet\AndroidStudioProjects\AdaletPro\app\libs\httpclient-4.3.6.jar
java_class_path (initial): C:\Users\ahmet\AppData\Local\Android\sdk\build-tools\23.0.1\lib\dx.jar
Launcher Type: SUN_STANDARD

Environment Variables:
PATH=C:\Program Files\Common Files\Microsoft Shared\Windows Live;C:\Program Files (x86)\Common Files\Microsoft Shared\Windows Live;C:\ProgramData\Oracle\Java\javapath;C:\Windows\system32;C:\Windows;C:\Windows\System32\Wbem;C:\Windows\System32\WindowsPowerShell\v1.0\;C:\Program Files\WIDCOMM\Bluetooth Software\;C:\Program Files\WIDCOMM\Bluetooth Software\syswow64;C:\Program Files\Intel\WiFi\bin\;C:\Program Files\Common Files\Intel\WirelessCommon\;C:\Program Files (x86)\Common Files\Roxio Shared\10.0\DLLShared\;C:\Program Files (x86)\Common Files\Roxio Shared\DLLShared\;C:\Program Files (x86)\Windows Live\Shared;C:\Users\ahmet\AppData\Local\GitHub\PortableGit_c2ba306e536fdf878271f7fe636a147ff37326ad\bin;C:\Program Files (x86)\Skype\Phone\
USERNAME=ahmet
OS=Windows_NT
PROCESSOR_IDENTIFIER=Intel64 Family 6 Model 37 Stepping 2, GenuineIntel



---------------  S Y S T E M  ---------------

OS: Windows 7 , 64 bit Build 7601 (6.1.7601.23418)

CPU:total 4 (2 cores per cpu, 2 threads per core) family 6 model 37 stepping 2, cmov, cx8, fxsr, mmx, sse, sse2, sse3, ssse3, sse4.1, sse4.2, popcnt, aes, clmul, ht, tsc, tscinvbit

Memory: 4k page, physical 4110428k(192120k free), swap 9228568k(5140k free)

vm_info: Java HotSpot(TM) 64-Bit Server VM (25.45-b02) for windows-amd64 JRE (1.8.0_45-b15), built on Apr 30 2015 12:40:44 by "java_re" with MS VC++ 10.0 (VS2010)

time: Fri May 27 22:16:37 2016
elapsed time: 25 seconds (0d 0h 0m 25s)

