#
# There is insufficient memory for the Java Runtime Environment to continue.
# Native memory allocation (malloc) failed to allocate 32744 bytes for ChunkPool::allocate
# Possible reasons:
#   The system is out of physical RAM or swap space
#   In 32 bit mode, the process size limit was hit
# Possible solutions:
#   Reduce memory load on the system
#   Increase physical memory or swap space
#   Check if swap backing store is full
#   Use 64 bit Java on a 64 bit OS
#   Decrease Java heap size (-Xmx/-Xms)
#   Decrease number of Java threads
#   Decrease Java thread stack sizes (-Xss)
#   Set larger code cache with -XX:ReservedCodeCacheSize=
# This output file may be truncated or incomplete.
#
#  Out of Memory Error (allocation.cpp:273), pid=6360, tid=7264
#
# JRE version: Java(TM) SE Runtime Environment (8.0_45-b15) (build 1.8.0_45-b15)
# Java VM: Java HotSpot(TM) 64-Bit Server VM (25.45-b02 mixed mode windows-amd64 compressed oops)
# Failed to write core dump. Minidumps are not enabled by default on client versions of Windows
#

---------------  T H R E A D  ---------------

Current thread (0x0000000054d87000):  JavaThread "C2 CompilerThread0" daemon [_thread_in_native, id=7264, stack(0x0000000056620000,0x0000000056720000)]

Stack: [0x0000000056620000,0x0000000056720000]
Native frames: (J=compiled Java code, j=interpreted, Vv=VM code, C=native code)
V  [jvm.dll+0x32b57a]


Current CompileTask:
C2:  32094 1759       4       com.android.dx.ssa.SsaConverter::placePhiFunctions (394 bytes)


---------------  P R O C E S S  ---------------

Java Threads: ( => current thread )
  0x00000000578db800 JavaThread "pool-2-thread-4" [_thread_blocked, id=4356, stack(0x0000000058310000,0x0000000058410000)]
  0x00000000578d3800 JavaThread "pool-2-thread-3" [_thread_blocked, id=9016, stack(0x0000000058040000,0x0000000058140000)]
  0x00000000578d0000 JavaThread "pool-2-thread-2" [_thread_blocked, id=8448, stack(0x00000000564c0000,0x00000000565c0000)]
  0x0000000057805000 JavaThread "pool-3-thread-1" [_thread_blocked, id=7368, stack(0x0000000057ea0000,0x0000000057fa0000)]
  0x00000000577fe800 JavaThread "pool-2-thread-1" [_thread_blocked, id=8048, stack(0x0000000057ca0000,0x0000000057da0000)]
  0x0000000054d8e800 JavaThread "Service Thread" daemon [_thread_blocked, id=5716, stack(0x0000000057290000,0x0000000057390000)]
  0x0000000054d8c000 JavaThread "C1 CompilerThread2" daemon [_thread_blocked, id=8796, stack(0x0000000056780000,0x0000000056880000)]
  0x0000000054d8b000 JavaThread "C2 CompilerThread1" daemon [_thread_blocked, id=4796, stack(0x00000000560e0000,0x00000000561e0000)]
=>0x0000000054d87000 JavaThread "C2 CompilerThread0" daemon [_thread_in_native, id=7264, stack(0x0000000056620000,0x0000000056720000)]
  0x0000000054d82800 JavaThread "Attach Listener" daemon [_thread_blocked, id=8316, stack(0x0000000056380000,0x0000000056480000)]
  0x0000000054d81000 JavaThread "Signal Dispatcher" daemon [_thread_blocked, id=7572, stack(0x0000000056200000,0x0000000056300000)]
  0x0000000054d27000 JavaThread "Finalizer" daemon [_thread_blocked, id=9084, stack(0x0000000055fc0000,0x00000000560c0000)]
  0x0000000054d20000 JavaThread "Reference Handler" daemon [_thread_blocked, id=9192, stack(0x0000000055e20000,0x0000000055f20000)]
  0x0000000001f3e800 JavaThread "main" [_thread_in_native, id=4176, stack(0x0000000002190000,0x0000000002290000)]

Other Threads:
  0x0000000054d1a800 VMThread [stack: 0x0000000055c80000,0x0000000055d80000] [id=3692]
  0x0000000057571000 WatcherThread [stack: 0x0000000057b10000,0x0000000057c10000] [id=8596]

VM state:not at safepoint (normal execution)

VM Mutex/Monitor currently owned by a thread: None

Heap:
 PSYoungGen      total 35328K, used 26228K [0x00000000eab00000, 0x00000000ef000000, 0x0000000100000000)
  eden space 32768K, 72% used [0x00000000eab00000,0x00000000ec2251e8,0x00000000ecb00000)
  from space 2560K, 98% used [0x00000000ecb00000,0x00000000ecd78010,0x00000000ecd80000)
  to   space 2560K, 0% used [0x00000000eed80000,0x00000000eed80000,0x00000000ef000000)
 ParOldGen       total 44032K, used 8336K [0x00000000c0000000, 0x00000000c2b00000, 0x00000000eab00000)
  object space 44032K, 18% used [0x00000000c0000000,0x00000000c0824018,0x00000000c2b00000)
 Metaspace       used 6043K, capacity 7088K, committed 7296K, reserved 1056768K
  class space    used 579K, capacity 616K, committed 640K, reserved 1048576K

Card table byte_map: [0x0000000011920000,0x0000000011b30000] byte_map_base: 0x0000000011320000

Marking Bits: (ParMarkBitMap*) 0x0000000057114040
 Begin Bits: [0x0000000012190000, 0x0000000013190000)
 End Bits:   [0x0000000013190000, 0x0000000014190000)

Polling page: 0x0000000000110000

CodeCache: size=245760Kb used=7624Kb max_used=7637Kb free=238135Kb
 bounds [0x0000000002560000, 0x0000000002ce0000, 0x0000000011560000]
 total_blobs=2020 nmethods=1752 adapters=181
 compilation: enabled

Compilation events (10 events):
Event: 31.378 Thread 0x0000000054d8c000 nmethod 1755 0x0000000002cd9290 code [0x0000000002cd9540, 0x0000000002cda728]
Event: 31.393 Thread 0x0000000054d8c000 1756       3       java.util.concurrent.locks.AbstractQueuedSynchronizer$Node::<init> (15 bytes)
Event: 31.394 Thread 0x0000000054d8c000 nmethod 1756 0x0000000002cd2c90 code [0x0000000002cd2de0, 0x0000000002cd2fb0]
Event: 31.394 Thread 0x0000000054d8c000 1757       1       com.android.dx.cf.attrib.InnerClassList$Item::getInnerName (5 bytes)
Event: 31.394 Thread 0x0000000054d8c000 nmethod 1757 0x0000000002cd29d0 code [0x0000000002cd2b20, 0x0000000002cd2c30]
Event: 31.394 Thread 0x0000000054d8c000 1758       1       com.android.dx.cf.attrib.InnerClassList$Item::getAccessFlags (5 bytes)
Event: 31.394 Thread 0x0000000054d8c000 nmethod 1758 0x0000000002cd2690 code [0x0000000002cd27e0, 0x0000000002cd28f0]
Event: 32.055 Thread 0x0000000054d87000 1759       4       com.android.dx.ssa.SsaConverter::placePhiFunctions (394 bytes)
Event: 32.060 Thread 0x0000000054d8b000 1760 %     4       com.android.dx.ssa.Dominators::run @ 403 (506 bytes)
Event: 32.071 Thread 0x0000000054d8b000 nmethod 1760% 0x0000000002cd3a50 code [0x0000000002cd3bc0, 0x0000000002cd4018]

GC Heap History (6 events):
Event: 6.732 GC heap before
{Heap before GC invocations=1 (full 0):
 PSYoungGen      total 18944K, used 16384K [0x00000000eab00000, 0x00000000ec000000, 0x0000000100000000)
  eden space 16384K, 100% used [0x00000000eab00000,0x00000000ebb00000,0x00000000ebb00000)
  from space 2560K, 0% used [0x00000000ebd80000,0x00000000ebd80000,0x00000000ec000000)
  to   space 2560K, 0% used [0x00000000ebb00000,0x00000000ebb00000,0x00000000ebd80000)
 ParOldGen       total 44032K, used 0K [0x00000000c0000000, 0x00000000c2b00000, 0x00000000eab00000)
  object space 44032K, 0% used [0x00000000c0000000,0x00000000c0000000,0x00000000c2b00000)
 Metaspace       used 5587K, capacity 6704K, committed 6784K, reserved 1056768K
  class space    used 575K, capacity 616K, committed 640K, reserved 1048576K
Event: 6.841 GC heap after
Heap after GC invocations=1 (full 0):
 PSYoungGen      total 18944K, used 2553K [0x00000000eab00000, 0x00000000ed000000, 0x0000000100000000)
  eden space 16384K, 0% used [0x00000000eab00000,0x00000000eab00000,0x00000000ebb00000)
  from space 2560K, 99% used [0x00000000ebb00000,0x00000000ebd7e4d8,0x00000000ebd80000)
  to   space 2560K, 0% used [0x00000000ecd80000,0x00000000ecd80000,0x00000000ed000000)
 ParOldGen       total 44032K, used 1524K [0x00000000c0000000, 0x00000000c2b00000, 0x00000000eab00000)
  object space 44032K, 3% used [0x00000000c0000000,0x00000000c017d3f8,0x00000000c2b00000)
 Metaspace       used 5587K, capacity 6704K, committed 6784K, reserved 1056768K
  class space    used 575K, capacity 616K, committed 640K, reserved 1048576K
}
Event: 8.137 GC heap before
{Heap before GC invocations=2 (full 0):
 PSYoungGen      total 18944K, used 18937K [0x00000000eab00000, 0x00000000ed000000, 0x0000000100000000)
  eden space 16384K, 100% used [0x00000000eab00000,0x00000000ebb00000,0x00000000ebb00000)
  from space 2560K, 99% used [0x00000000ebb00000,0x00000000ebd7e4d8,0x00000000ebd80000)
  to   space 2560K, 0% used [0x00000000ecd80000,0x00000000ecd80000,0x00000000ed000000)
 ParOldGen       total 44032K, used 1524K [0x00000000c0000000, 0x00000000c2b00000, 0x00000000eab00000)
  object space 44032K, 3% used [0x00000000c0000000,0x00000000c017d3f8,0x00000000c2b00000)
 Metaspace       used 5862K, capacity 6960K, committed 7040K, reserved 1056768K
  class space    used 578K, capacity 616K, committed 640K, reserved 1048576K
Event: 8.201 GC heap after
Heap after GC invocations=2 (full 0):
 PSYoungGen      total 35328K, used 2553K [0x00000000eab00000, 0x00000000ed000000, 0x0000000100000000)
  eden space 32768K, 0% used [0x00000000eab00000,0x00000000eab00000,0x00000000ecb00000)
  from space 2560K, 99% used [0x00000000ecd80000,0x00000000ecffe4b8,0x00000000ed000000)
  to   space 2560K, 0% used [0x00000000ecb00000,0x00000000ecb00000,0x00000000ecd80000)
 ParOldGen       total 44032K, used 3519K [0x00000000c0000000, 0x00000000c2b00000, 0x00000000eab00000)
  object space 44032K, 7% used [0x00000000c0000000,0x00000000c036fd90,0x00000000c2b00000)
 Metaspace       used 5862K, capacity 6960K, committed 7040K, reserved 1056768K
  class space    used 578K, capacity 616K, committed 640K, reserved 1048576K
}
Event: 12.821 GC heap before
{Heap before GC invocations=3 (full 0):
 PSYoungGen      total 35328K, used 35321K [0x00000000eab00000, 0x00000000ed000000, 0x0000000100000000)
  eden space 32768K, 100% used [0x00000000eab00000,0x00000000ecb00000,0x00000000ecb00000)
  from space 2560K, 99% used [0x00000000ecd80000,0x00000000ecffe4b8,0x00000000ed000000)
  to   space 2560K, 0% used [0x00000000ecb00000,0x00000000ecb00000,0x00000000ecd80000)
 ParOldGen       total 44032K, used 3519K [0x00000000c0000000, 0x00000000c2b00000, 0x00000000eab00000)
  object space 44032K, 7% used [0x00000000c0000000,0x00000000c036fd90,0x00000000c2b00000)
 Metaspace       used 5987K, capacity 7024K, committed 7296K, reserved 1056768K
  class space    used 578K, capacity 616K, committed 640K, reserved 1048576K
Event: 13.156 GC heap after
Heap after GC invocations=3 (full 0):
 PSYoungGen      total 35328K, used 2528K [0x00000000eab00000, 0x00000000ef000000, 0x0000000100000000)
  eden space 32768K, 0% used [0x00000000eab00000,0x00000000eab00000,0x00000000ecb00000)
  from space 2560K, 98% used [0x00000000ecb00000,0x00000000ecd78010,0x00000000ecd80000)
  to   space 2560K, 0% used [0x00000000eed80000,0x00000000eed80000,0x00000000ef000000)
 ParOldGen       total 44032K, used 8336K [0x00000000c0000000, 0x00000000c2b00000, 0x00000000eab00000)
  object space 44032K, 18% used [0x00000000c0000000,0x00000000c0824018,0x00000000c2b00000)
 Metaspace       used 5987K, capacity 7024K, committed 7296K, reserved 1056768K
  class space    used 578K, capacity 616K, committed 640K, reserved 1048576K
}

Deoptimization events (10 events):
Event: 6.890 Thread 0x00000000577fe800 Uncommon trap: reason=unstable_if action=reinterpret pc=0x000000000278472c method=java.util.HashMap.getNode(ILjava/lang/Object;)Ljava/util/HashMap$Node; @ 129
Event: 6.891 Thread 0x00000000577fe800 Uncommon trap: reason=unstable_if action=reinterpret pc=0x000000000275f09c method=java.util.HashMap.getNode(ILjava/lang/Object;)Ljava/util/HashMap$Node; @ 129
Event: 7.110 Thread 0x00000000577fe800 Uncommon trap: reason=unstable_if action=reinterpret pc=0x00000000028b02ac method=com.android.dx.ssa.SsaMethod.onSourcesChanged(Lcom/android/dx/ssa/SsaInsn;Lcom/android/dx/rop/code/RegisterSpecList;)V @ 4
Event: 10.761 Thread 0x00000000578d3800 Uncommon trap: reason=bimorphic action=maybe_recompile pc=0x0000000002b11620 method=com.android.dx.cf.code.Merger.mergeType(Lcom/android/dx/rop/type/TypeBearer;Lcom/android/dx/rop/type/TypeBearer;)Lcom/android/dx/rop/type/TypeBearer; @ 21
Event: 10.761 Thread 0x00000000578d3800 Uncommon trap: reason=bimorphic action=maybe_recompile pc=0x0000000002b11648 method=com.android.dx.cf.code.Merger.mergeType(Lcom/android/dx/rop/type/TypeBearer;Lcom/android/dx/rop/type/TypeBearer;)Lcom/android/dx/rop/type/TypeBearer; @ 28
Event: 10.921 Thread 0x00000000578d3800 Uncommon trap: reason=unstable_if action=reinterpret pc=0x0000000002aadb2c method=com.android.dx.ssa.SCCP.simulateBranch(Lcom/android/dx/ssa/SsaInsn;)V @ 64
Event: 10.922 Thread 0x00000000578d3800 Uncommon trap: reason=unloaded action=reinterpret pc=0x0000000002a5376c method=com.android.dx.ssa.LiteralOpUpgrader$1.visitNonMoveInsn(Lcom/android/dx/ssa/NormalSsaInsn;)V @ 72
Event: 10.923 Thread 0x00000000578d3800 Uncommon trap: reason=unstable_if action=reinterpret pc=0x000000000290bf8c method=com.android.dx.ssa.SsaMethod.updateOneDefinition(Lcom/android/dx/ssa/SsaInsn;Lcom/android/dx/rop/code/RegisterSpec;)V @ 4
Event: 12.521 Thread 0x00000000578db800 Uncommon trap: reason=bimorphic action=maybe_recompile pc=0x0000000002b11620 method=com.android.dx.cf.code.Merger.mergeType(Lcom/android/dx/rop/type/TypeBearer;Lcom/android/dx/rop/type/TypeBearer;)Lcom/android/dx/rop/type/TypeBearer; @ 21
Event: 12.523 Thread 0x00000000578db800 Uncommon trap: reason=bimorphic action=maybe_recompile pc=0x0000000002b11620 method=com.android.dx.cf.code.Merger.mergeType(Lcom/android/dx/rop/type/TypeBearer;Lcom/android/dx/rop/type/TypeBearer;)Lcom/android/dx/rop/type/TypeBearer; @ 21

Internal exceptions (2 events):
Event: 0.223 Thread 0x0000000001f3e800 Exception <a 'java/lang/NoSuchMethodError': Method sun.misc.Unsafe.defineClass(Ljava/lang/String;[BII)Ljava/lang/Class; name or signature does not match> (0x00000000eab12f48) thrown at [C:\re\workspace\8-2-build-windows-amd64-cygwin\jdk8u45\3627\hotspot\sr¶†¤Ç„Ì?
Event: 0.223 Thread 0x0000000001f3e800 Exception <a 'java/lang/NoSuchMethodError': Method sun.misc.Unsafe.prefetchRead(Ljava/lang/Object;J)V name or signature does not match> (0x00000000eab131d8) thrown at [C:\re\workspace\8-2-build-windows-amd64-cygwin\jdk8u45\3627\hotspot\src\share\vm\prims\j

Events (10 events):
Event: 12.523 Thread 0x00000000578db800 DEOPT PACKING pc=0x0000000002b11620 sp=0x000000005840e880
Event: 12.523 Thread 0x00000000578db800 DEOPT UNPACKING pc=0x00000000025a582a sp=0x000000005840e810 mode 2
Event: 12.795 Executing VM operation: ParallelGCFailedAllocation
Event: 13.156 Executing VM operation: ParallelGCFailedAllocation done
Event: 15.637 loading class com/android/dx/rop/code/RegisterSpec$1
Event: 15.637 loading class com/android/dx/rop/code/RegisterSpec$1 done
Event: 17.949 loading class com/android/dx/cf/code/LocalVariableList$Item
Event: 17.949 loading class com/android/dx/cf/code/LocalVariableList$Item done
Event: 32.058 Thread 0x00000000578d0000 DEOPT PACKING pc=0x0000000002975e31 sp=0x00000000565be830
Event: 32.058 Thread 0x00000000578d0000 DEOPT UNPACKING pc=0x00000000025a747f sp=0x00000000565be660 mode 0


Dynamic libraries:
0x000000013f650000 - 0x000000013f687000 	C:\Program Files\Java\jdk1.8.0_45\bin\java.exe
0x00000000775a0000 - 0x000000007774a000 	C:\Windows\SYSTEM32\ntdll.dll
0x0000000077480000 - 0x000000007759f000 	C:\Windows\system32\kernel32.dll
0x000007fefd640000 - 0x000007fefd6aa000 	C:\Windows\system32\KERNELBASE.dll
0x000007feff7d0000 - 0x000007feff8ab000 	C:\Windows\system32\ADVAPI32.dll
0x000007fefdb90000 - 0x000007fefdc2f000 	C:\Windows\system32\msvcrt.dll
0x000007fefdc30000 - 0x000007fefdc4f000 	C:\Windows\SYSTEM32\sechost.dll
0x000007feff530000 - 0x000007feff65d000 	C:\Windows\system32\RPCRT4.dll
0x0000000077380000 - 0x000000007747a000 	C:\Windows\system32\USER32.dll
0x000007fefd820000 - 0x000007fefd887000 	C:\Windows\system32\GDI32.dll
0x000007fefd7e0000 - 0x000007fefd7ee000 	C:\Windows\system32\LPK.dll
0x000007fefdac0000 - 0x000007fefdb8a000 	C:\Windows\system32\USP10.dll
0x000007fefb700000 - 0x000007fefb8f4000 	C:\Windows\WinSxS\amd64_microsoft.windows.common-controls_6595b64144ccf1df_6.0.7601.18837_none_fa3b1e3d17594757\COMCTL32.dll
0x000007fefdd30000 - 0x000007fefdda1000 	C:\Windows\system32\SHLWAPI.dll
0x000007fefd7f0000 - 0x000007fefd81e000 	C:\Windows\system32\IMM32.DLL
0x000007feff6c0000 - 0x000007feff7c9000 	C:\Windows\system32\MSCTF.dll
0x0000000057490000 - 0x0000000057562000 	C:\Program Files\Java\jdk1.8.0_45\jre\bin\msvcr100.dll
0x0000000056910000 - 0x0000000057193000 	C:\Program Files\Java\jdk1.8.0_45\jre\bin\server\jvm.dll
0x000007fef9ce0000 - 0x000007fef9ce9000 	C:\Windows\system32\WSOCK32.dll
0x000007fefd780000 - 0x000007fefd7cd000 	C:\Windows\system32\WS2_32.dll
0x000007fefd7d0000 - 0x000007fefd7d8000 	C:\Windows\system32\NSI.dll
0x000007fefb2f0000 - 0x000007fefb32b000 	C:\Windows\system32\WINMM.dll
0x000007fefc3c0000 - 0x000007fefc3cc000 	C:\Windows\system32\VERSION.dll
0x0000000077770000 - 0x0000000077777000 	C:\Windows\system32\PSAPI.DLL
0x0000000057a10000 - 0x0000000057a1f000 	C:\Program Files\Java\jdk1.8.0_45\jre\bin\verify.dll
0x00000000579e0000 - 0x0000000057a09000 	C:\Program Files\Java\jdk1.8.0_45\jre\bin\java.dll
0x00000000579c0000 - 0x00000000579d6000 	C:\Program Files\Java\jdk1.8.0_45\jre\bin\zip.dll
0x000007fefddb0000 - 0x000007fefeb3a000 	C:\Windows\system32\SHELL32.dll
0x000007feff320000 - 0x000007feff523000 	C:\Windows\system32\ole32.dll
0x000007fefd330000 - 0x000007fefd33f000 	C:\Windows\system32\profapi.dll

VM Arguments:
jvm_args: -Djava.awt.headless=true -Xmx1024M -Dfile.encoding=windows-1254 -Duser.country=TR -Duser.language=tr -Duser.variant 
java_command: com.android.dx.command.Main --dex --force-jumbo --num-threads=4 --multi-dex --output C:\Users\ahmet\AndroidStudioProjects\AdaletPro\app\build\intermediates\transforms\dex\debug\folders\1000\10\com.google.android.gms-play-services-maps-9.0.0_0a778bcfd59ebfe6aab8a3ec4231ae7e83f5dc3f C:\Users\ahmet\AndroidStudioProjects\AdaletPro\app\build\intermediates\exploded-aar\com.google.android.gms\play-services-maps\9.0.0\jars\classes.jar
java_class_path (initial): C:\Users\ahmet\AppData\Local\Android\sdk\build-tools\23.0.1\lib\dx.jar
Launcher Type: SUN_STANDARD

Environment Variables:
PATH=C:\Program Files\Common Files\Microsoft Shared\Windows Live;C:\Program Files (x86)\Common Files\Microsoft Shared\Windows Live;C:\ProgramData\Oracle\Java\javapath;C:\Windows\system32;C:\Windows;C:\Windows\System32\Wbem;C:\Windows\System32\WindowsPowerShell\v1.0\;C:\Program Files\WIDCOMM\Bluetooth Software\;C:\Program Files\WIDCOMM\Bluetooth Software\syswow64;C:\Program Files\Intel\WiFi\bin\;C:\Program Files\Common Files\Intel\WirelessCommon\;C:\Program Files (x86)\Common Files\Roxio Shared\10.0\DLLShared\;C:\Program Files (x86)\Common Files\Roxio Shared\DLLShared\;C:\Program Files (x86)\Windows Live\Shared;C:\Users\ahmet\AppData\Local\GitHub\PortableGit_c2ba306e536fdf878271f7fe636a147ff37326ad\bin;C:\Program Files (x86)\Skype\Phone\
USERNAME=ahmet
OS=Windows_NT
PROCESSOR_IDENTIFIER=Intel64 Family 6 Model 37 Stepping 2, GenuineIntel



---------------  S Y S T E M  ---------------

OS: Windows 7 , 64 bit Build 7601 (6.1.7601.23418)

CPU:total 4 (2 cores per cpu, 2 threads per core) family 6 model 37 stepping 2, cmov, cx8, fxsr, mmx, sse, sse2, sse3, ssse3, sse4.1, sse4.2, popcnt, aes, clmul, ht, tsc, tscinvbit

Memory: 4k page, physical 4110428k(192044k free), swap 9228568k(5132k free)

vm_info: Java HotSpot(TM) 64-Bit Server VM (25.45-b02) for windows-amd64 JRE (1.8.0_45-b15), built on Apr 30 2015 12:40:44 by "java_re" with MS VC++ 10.0 (VS2010)

time: Fri May 27 22:16:37 2016
elapsed time: 32 seconds (0d 0h 0m 32s)

